<?xml version="1.0" encoding="UTF-8"?>
<coverage generated="1680191583935" clover="3.2.0">
  <project timestamp="1680191583935" name="All files">
    <metrics statements="23" coveredstatements="10" conditionals="10" coveredconditionals="2" methods="17" coveredmethods="4" elements="50" coveredelements="16" complexity="0" loc="23" ncloc="23" packages="4" files="4" classes="4"/>
    <package name="assets">
      <metrics statements="1" coveredstatements="1" conditionals="0" coveredconditionals="0" methods="0" coveredmethods="0"/>
      <file name="Logo.png" path="/home/alyson/projetos/Petfy/assets/Logo.png">
        <metrics statements="1" coveredstatements="1" conditionals="0" coveredconditionals="0" methods="0" coveredmethods="0"/>
        <line num="1" count="1" type="stmt"/>
      </file>
    </package>
    <package name="src.components.InputBase">
      <metrics statements="2" coveredstatements="2" conditionals="0" coveredconditionals="0" methods="2" coveredmethods="2"/>
      <file name="index.tsx" path="/home/alyson/projetos/Petfy/src/components/InputBase/index.tsx">
        <metrics statements="2" coveredstatements="2" conditionals="0" coveredconditionals="0" methods="2" coveredmethods="2"/>
        <line num="12" count="4" type="stmt"/>
        <line num="21" count="1" type="stmt"/>
      </file>
    </package>
    <package name="src.views.LoginView.LoginArea">
      <metrics statements="19" coveredstatements="6" conditionals="10" coveredconditionals="2" methods="14" coveredmethods="1"/>
      <file name="index.tsx" path="/home/alyson/projetos/Petfy/src/views/LoginView/LoginArea/index.tsx">
        <metrics statements="19" coveredstatements="6" conditionals="10" coveredconditionals="2" methods="14" coveredmethods="1"/>
        <line num="16" count="1" type="stmt"/>
        <line num="17" count="1" type="stmt"/>
        <line num="18" count="1" type="stmt"/>
        <line num="20" count="1" type="stmt"/>
        <line num="21" count="0" type="stmt"/>
        <line num="22" count="0" type="stmt"/>
        <line num="23" count="0" type="stmt"/>
        <line num="24" count="0" type="stmt"/>
        <line num="26" count="0" type="stmt"/>
        <line num="29" count="0" type="stmt"/>
        <line num="30" count="0" type="cond" truecount="0" falsecount="2"/>
        <line num="31" count="0" type="cond" truecount="0" falsecount="2"/>
        <line num="32" count="0" type="stmt"/>
        <line num="34" count="0" type="stmt"/>
        <line num="35" count="0" type="stmt"/>
        <line num="37" count="0" type="stmt"/>
        <line num="40" count="1" type="stmt"/>
        <line num="51" count="0" type="stmt"/>
        <line num="72" count="1" type="cond" truecount="0" falsecount="2"/>
      </file>
    </package>
    <package name="src.views.LoginView.Logo">
      <metrics statements="1" coveredstatements="1" conditionals="0" coveredconditionals="0" methods="1" coveredmethods="1"/>
      <file name="index.tsx" path="/home/alyson/projetos/Petfy/src/views/LoginView/Logo/index.tsx">
        <metrics statements="1" coveredstatements="1" conditionals="0" coveredconditionals="0" methods="1" coveredmethods="1"/>
        <line num="5" count="1" type="stmt"/>
      </file>
    </package>
  </project>
</coverage>
