{"/home/alyson/projetos/Petfy/assets/Logo.png": {"path":"/home/alyson/projetos/Petfy/assets/Logo.png","statementMap":{"0":{"start":{"line":1,"column":0},"end":{"line":4,"column":6}}},"fnMap":{},"branchMap":{},"s":{"0":1},"f":{},"b":{},"_coverageSchema":"1a1c01bbd47fc00a2c39e90264f33305004495a9","hash":"9a84946973b402bca02fe660bce622b059745df5"}
,"/home/alyson/projetos/Petfy/src/components/InputBase/index.tsx": {"path":"/home/alyson/projetos/Petfy/src/components/InputBase/index.tsx","statementMap":{"0":{"start":{"line":12,"column":2},"end":{"line":25,"column":4}},"1":{"start":{"line":21,"column":10},"end":{"line":21,"column":22}}},"fnMap":{"0":{"name":"InputBase","decl":{"start":{"line":3,"column":24},"end":{"line":3,"column":33}},"loc":{"start":{"line":11,"column":3},"end":{"line":26,"column":1}},"line":11},"1":{"name":"(anonymous_1)","decl":{"start":{"line":20,"column":22},"end":{"line":20,"column":23}},"loc":{"start":{"line":20,"column":29},"end":{"line":22,"column":9}},"line":20}},"branchMap":{},"s":{"0":4,"1":1},"f":{"0":4,"1":1},"b":{},"_coverageSchema":"1a1c01bbd47fc00a2c39e90264f33305004495a9","hash":"5e1025de946e4137b95569e07ac9262f76fd237d"}
,"/home/alyson/projetos/Petfy/src/views/LoginView/LoginArea/index.tsx": {"path":"/home/alyson/projetos/Petfy/src/views/LoginView/LoginArea/index.tsx","statementMap":{"0":{"start":{"line":16,"column":28},"end":{"line":16,"column":40}},"1":{"start":{"line":17,"column":34},"end":{"line":17,"column":46}},"2":{"start":{"line":18,"column":40},"end":{"line":18,"column":55}},"3":{"start":{"line":20,"column":22},"end":{"line":38,"column":3}},"4":{"start":{"line":21,"column":28},"end":{"line":21,"column":30}},"5":{"start":{"line":22,"column":4},"end":{"line":27,"column":9}},"6":{"start":{"line":23,"column":21},"end":{"line":23,"column":31}},"7":{"start":{"line":24,"column":22},"end":{"line":24,"column":32}},"8":{"start":{"line":26,"column":8},"end":{"line":26,"column":29}},"9":{"start":{"line":29,"column":24},"end":{"line":29,"column":68}},"10":{"start":{"line":30,"column":4},"end":{"line":36,"column":5}},"11":{"start":{"line":31,"column":28},"end":{"line":31,"column":48}},"12":{"start":{"line":32,"column":28},"end":{"line":32,"column":54}},"13":{"start":{"line":34,"column":6},"end":{"line":34,"column":37}},"14":{"start":{"line":35,"column":6},"end":{"line":35,"column":18}},"15":{"start":{"line":37,"column":4},"end":{"line":37,"column":17}},"16":{"start":{"line":40,"column":2},"end":{"line":70,"column":4}},"17":{"start":{"line":51,"column":31},"end":{"line":51,"column":66}},"18":{"start":{"line":72,"column":38},"end":{"line":72,"column":37081}},"19":{"start":{"line":72,"column":42},"end":{"line":72,"column":37070}},"20":{"start":{"line":72,"column":37119},"end":{"line":72,"column":37159}},"21":{"start":{"line":72,"column":37123},"end":{"line":72,"column":37148}},"22":{"start":{"line":72,"column":37160},"end":{"line":72,"column":37168}},"23":{"start":{"line":72,"column":37170},"end":{"line":72,"column":37176}},"24":{"start":{"line":72,"column":37212},"end":{"line":72,"column":37254}},"25":{"start":{"line":72,"column":37216},"end":{"line":72,"column":37243}},"26":{"start":{"line":72,"column":37255},"end":{"line":72,"column":37263}},"27":{"start":{"line":72,"column":37265},"end":{"line":72,"column":37271}},"28":{"start":{"line":72,"column":37288},"end":{"line":72,"column":37325}},"29":{"start":{"line":72,"column":37292},"end":{"line":72,"column":37314}},"30":{"start":{"line":72,"column":37327},"end":{"line":72,"column":37333}},"31":{"start":{"line":72,"column":37350},"end":{"line":72,"column":37390}},"32":{"start":{"line":72,"column":37354},"end":{"line":72,"column":37379}},"33":{"start":{"line":72,"column":37392},"end":{"line":72,"column":37398}}},"fnMap":{"0":{"name":"LoginArea","decl":{"start":{"line":15,"column":16},"end":{"line":15,"column":25}},"loc":{"start":{"line":15,"column":79},"end":{"line":71,"column":1}},"line":15},"1":{"name":"(anonymous_1)","decl":{"start":{"line":20,"column":22},"end":{"line":20,"column":23}},"loc":{"start":{"line":20,"column":34},"end":{"line":38,"column":3}},"line":20},"2":{"name":"(anonymous_2)","decl":{"start":{"line":23,"column":12},"end":{"line":23,"column":13}},"loc":{"start":{"line":23,"column":21},"end":{"line":23,"column":31}},"line":23},"3":{"name":"(anonymous_3)","decl":{"start":{"line":24,"column":12},"end":{"line":24,"column":13}},"loc":{"start":{"line":24,"column":22},"end":{"line":24,"column":32}},"line":24},"4":{"name":"(anonymous_4)","decl":{"start":{"line":25,"column":13},"end":{"line":25,"column":14}},"loc":{"start":{"line":25,"column":24},"end":{"line":27,"column":7}},"line":25},"5":{"name":"(anonymous_5)","decl":{"start":{"line":31,"column":18},"end":{"line":31,"column":19}},"loc":{"start":{"line":31,"column":28},"end":{"line":31,"column":48}},"line":31},"6":{"name":"(anonymous_6)","decl":{"start":{"line":32,"column":18},"end":{"line":32,"column":19}},"loc":{"start":{"line":32,"column":28},"end":{"line":32,"column":54}},"line":32},"7":{"name":"(anonymous_7)","decl":{"start":{"line":51,"column":19},"end":{"line":51,"column":20}},"loc":{"start":{"line":51,"column":31},"end":{"line":51,"column":66}},"line":51},"8":{"name":"(anonymous_8)","decl":{"start":{"line":64,"column":19},"end":{"line":64,"column":20}},"loc":{"start":{"line":64,"column":25},"end":{"line":64,"column":27}},"line":64},"9":{"name":"oo_cm","decl":{"start":{"line":72,"column":30},"end":{"line":72,"column":35}},"loc":{"start":{"line":72,"column":37},"end":{"line":72,"column":37082}},"line":72},"10":{"name":"oo_oo","decl":{"start":{"line":72,"column":37092},"end":{"line":72,"column":37097}},"loc":{"start":{"line":72,"column":37118},"end":{"line":72,"column":37169}},"line":72},"11":{"name":"oo_tr","decl":{"start":{"line":72,"column":37185},"end":{"line":72,"column":37190}},"loc":{"start":{"line":72,"column":37211},"end":{"line":72,"column":37264}},"line":72},"12":{"name":"oo_ts","decl":{"start":{"line":72,"column":37280},"end":{"line":72,"column":37285}},"loc":{"start":{"line":72,"column":37287},"end":{"line":72,"column":37326}},"line":72},"13":{"name":"oo_te","decl":{"start":{"line":72,"column":37342},"end":{"line":72,"column":37347}},"loc":{"start":{"line":72,"column":37349},"end":{"line":72,"column":37391}},"line":72}},"branchMap":{"0":{"loc":{"start":{"line":30,"column":4},"end":{"line":36,"column":5}},"type":"if","locations":[{"start":{"line":30,"column":4},"end":{"line":36,"column":5}},{"start":{},"end":{}}],"line":30},"1":{"loc":{"start":{"line":31,"column":6},"end":{"line":32,"column":66}},"type":"binary-expr","locations":[{"start":{"line":31,"column":6},"end":{"line":31,"column":60}},{"start":{"line":32,"column":6},"end":{"line":32,"column":66}}],"line":31},"2":{"loc":{"start":{"line":43,"column":18},"end":{"line":43,"column":62}},"type":"cond-expr","locations":[{"start":{"line":43,"column":42},"end":{"line":43,"column":51}},{"start":{"line":43,"column":54},"end":{"line":43,"column":62}}],"line":43},"3":{"loc":{"start":{"line":53,"column":12},"end":{"line":53,"column":56}},"type":"cond-expr","locations":[{"start":{"line":53,"column":26},"end":{"line":53,"column":40}},{"start":{"line":53,"column":43},"end":{"line":53,"column":56}}],"line":53},"4":{"loc":{"start":{"line":72,"column":49},"end":{"line":72,"column":37069}},"type":"binary-expr","locations":[{"start":{"line":72,"column":49},"end":{"line":72,"column":86}},{"start":{"line":72,"column":90},"end":{"line":72,"column":37069}}],"line":72}},"s":{"0":1,"1":1,"2":1,"3":1,"4":0,"5":0,"6":0,"7":0,"8":0,"9":0,"10":0,"11":0,"12":0,"13":0,"14":0,"15":0,"16":1,"17":0,"18":0,"19":0,"20":0,"21":0,"22":0,"23":1,"24":0,"25":0,"26":0,"27":1,"28":0,"29":0,"30":1,"31":0,"32":0,"33":1},"f":{"0":1,"1":0,"2":0,"3":0,"4":0,"5":0,"6":0,"7":0,"8":0,"9":0,"10":0,"11":0,"12":0,"13":0},"b":{"0":[0,0],"1":[0,0],"2":[1,0],"3":[0,1],"4":[0,0]},"_coverageSchema":"1a1c01bbd47fc00a2c39e90264f33305004495a9","hash":"3981efe85eb597d5d0d26067c61111dd02abea01"}
,"/home/alyson/projetos/Petfy/src/views/LoginView/Logo/index.tsx": {"path":"/home/alyson/projetos/Petfy/src/views/LoginView/Logo/index.tsx","statementMap":{"0":{"start":{"line":5,"column":2},"end":{"line":12,"column":4}}},"fnMap":{"0":{"name":"Logo","decl":{"start":{"line":4,"column":24},"end":{"line":4,"column":28}},"loc":{"start":{"line":4,"column":31},"end":{"line":13,"column":1}},"line":4}},"branchMap":{},"s":{"0":1},"f":{"0":1},"b":{},"_coverageSchema":"1a1c01bbd47fc00a2c39e90264f33305004495a9","hash":"9e2bdbdc38b7e7603752cf41f9810ad01da7642d"}
}
