TN:
SF:assets/Logo.png
FNF:0
FNH:0
DA:1,1
LF:1
LH:1
BRF:0
BRH:0
end_of_record
TN:
SF:src/components/InputBase/index.tsx
FN:3,InputBase
FN:20,(anonymous_1)
FNF:2
FNH:2
FNDA:4,InputBase
FNDA:1,(anonymous_1)
DA:12,4
DA:21,1
LF:2
LH:2
BRF:0
BRH:0
end_of_record
TN:
SF:src/views/LoginView/LoginArea/index.tsx
FN:15,LoginArea
FN:20,(anonymous_1)
FN:23,(anonymous_2)
FN:24,(anonymous_3)
FN:25,(anonymous_4)
FN:31,(anonymous_5)
FN:32,(anonymous_6)
FN:51,(anonymous_7)
FN:64,(anonymous_8)
FN:72,oo_cm
FN:72,oo_oo
FN:72,oo_tr
FN:72,oo_ts
FN:72,oo_te
FNF:14
FNH:1
FNDA:1,LoginArea
FNDA:0,(anonymous_1)
FNDA:0,(anonymous_2)
FNDA:0,(anonymous_3)
FNDA:0,(anonymous_4)
FNDA:0,(anonymous_5)
FNDA:0,(anonymous_6)
FNDA:0,(anonymous_7)
FNDA:0,(anonymous_8)
FNDA:0,oo_cm
FNDA:0,oo_oo
FNDA:0,oo_tr
FNDA:0,oo_ts
FNDA:0,oo_te
DA:16,1
DA:17,1
DA:18,1
DA:20,1
DA:21,0
DA:22,0
DA:23,0
DA:24,0
DA:26,0
DA:29,0
DA:30,0
DA:31,0
DA:32,0
DA:34,0
DA:35,0
DA:37,0
DA:40,1
DA:51,0
DA:72,1
LF:19
LH:6
BRDA:30,0,0,0
BRDA:30,0,1,0
BRDA:31,1,0,0
BRDA:31,1,1,0
BRDA:43,2,0,1
BRDA:43,2,1,0
BRDA:53,3,0,0
BRDA:53,3,1,1
BRDA:72,4,0,0
BRDA:72,4,1,0
BRF:10
BRH:2
end_of_record
TN:
SF:src/views/LoginView/Logo/index.tsx
FN:4,Logo
FNF:1
FNH:1
FNDA:1,Logo
DA:5,1
LF:1
LH:1
BRF:0
BRH:0
end_of_record
